<?xml version="1.0" encoding="UTF-8"?>
<!-- Generated by org.testng.reporters.JUnitReportReporter -->
<testsuite skipped="0" hostname="LAPTOP-K3RFJ3P7" name="webmd.runner.WebmdRunner$WebmdRunnerTest" tests="1" failures="0" timestamp="2021-01-20T13:50:42 EST" time="35.973" errors="0">
  <testcase name="runScenario" time="35.973" classname="webmd.runner.WebmdRunner$WebmdRunnerTest"/>
  <system-out/>
</testsuite> <!-- webmd.runner.WebmdRunner$WebmdRunnerTest -->
